<?xml version="1.0" encoding="UTF-8"?>
<!-- Generated by org.testng.reporters.JUnitReportReporter -->
<testsuite name="compilador.TestesCompilador" tests="28" failures="0" timestamp="10 Jul 2015 12:51:38 GMT" time="2.296" errors="0">
  <testcase name="compilingCode_throwsVariableAndValueOfDifferentTypesException_ifWritingValueInVariableOfDifferentType" time="0.002" classname="compilador.TestesCompilador"/>
  <testcase name="runningCode_outputsExpectedText" time="0.096" classname="compilador.TestesCompilador"/>
  <testcase name="runningCode_outputsExpectedText" time="0.085" classname="compilador.TestesCompilador"/>
  <testcase name="runningCode_outputsExpectedText" time="0.087" classname="compilador.TestesCompilador"/>
  <testcase name="compilingCode_throwsUndeclaredVariableException_ifReadingUndifinedVariable" time="0.104" classname="compilador.TestesCompilador"/>
  <testcase name="runningCode_outputsExpectedText" time="0.088" classname="compilador.TestesCompilador"/>
  <testcase name="runningCode_outputsExpectedText" time="0.089" classname="compilador.TestesCompilador"/>
  <testcase name="runningCode_outputsExpectedText" time="0.124" classname="compilador.TestesCompilador"/>
  <testcase name="runningCode_outputsExpectedText" time="0.096" classname="compilador.TestesCompilador"/>
  <testcase name="runningCode_outputsExpectedText" time="0.088" classname="compilador.TestesCompilador"/>
  <testcase name="runningCode_outputsExpectedText" time="0.080" classname="compilador.TestesCompilador"/>
  <testcase name="compilingCode_throwsVariableAlreadyDefinedException_whenDefinigAlreadyDefinedVariable" time="0.002" classname="compilador.TestesCompilador"/>
  <testcase name="runningCode_outputsExpectedText" time="0.107" classname="compilador.TestesCompilador"/>
  <testcase name="runningCode_outputsExpectedText" time="0.092" classname="compilador.TestesCompilador"/>
  <testcase name="runningCode_outputsExpectedText" time="0.094" classname="compilador.TestesCompilador"/>
  <testcase name="runningCode_outputsExpectedText" time="0.085" classname="compilador.TestesCompilador"/>
  <testcase name="runningCode_outputsExpectedText" time="0.083" classname="compilador.TestesCompilador"/>
  <testcase name="runningCode_outputsExpectedText" time="0.094" classname="compilador.TestesCompilador"/>
  <testcase name="runningCode_outputsExpectedText" time="0.082" classname="compilador.TestesCompilador"/>
  <testcase name="runningCode_outputsExpectedText" time="0.092" classname="compilador.TestesCompilador"/>
  <testcase name="runningCode_outputsExpectedText" time="0.093" classname="compilador.TestesCompilador"/>
  <testcase name="compilingCode_throwsUndeclaredVariableException_ifWritingUndifinedVariable" time="0.006" classname="compilador.TestesCompilador"/>
  <testcase name="runningCode_outputsExpectedText" time="0.083" classname="compilador.TestesCompilador"/>
  <testcase name="runningCode_outputsExpectedText" time="0.077" classname="compilador.TestesCompilador"/>
  <testcase name="runningCode_outputsExpectedText" time="0.092" classname="compilador.TestesCompilador"/>
  <testcase name="runningCode_outputsExpectedText" time="0.084" classname="compilador.TestesCompilador"/>
  <testcase name="runningCode_outputsExpectedText" time="0.099" classname="compilador.TestesCompilador"/>
  <testcase name="runningCode_outputsExpectedText" time="0.092" classname="compilador.TestesCompilador"/>
</testsuite> <!-- compilador.TestesCompilador -->
